C:\USERS\27236\DESKTOP\C++代码\071830118-顾尧\客房管理系统2.0\DEBUG\客房管理系统2.0.EXE
C:\USERS\27236\DESKTOP\C++代码\071830118-顾尧\客房管理系统2.0\DEBUG\客房管理系统2.0.ILK
C:\USERS\27236\DESKTOP\C++代码\071830118-顾尧\客房管理系统2.0\DEBUG\客房管理系统2.0.PDB
C:\USERS\27236\DESKTOP\C++代码\071830118-顾尧\客房管理系统2.0\客房管理系统2.0\DEBUG\CUSTOMER.OBJ
C:\USERS\27236\DESKTOP\C++代码\071830118-顾尧\客房管理系统2.0\客房管理系统2.0\DEBUG\DOUBLE_ROOM.OBJ
C:\USERS\27236\DESKTOP\C++代码\071830118-顾尧\客房管理系统2.0\客房管理系统2.0\DEBUG\MAIN.OBJ
C:\USERS\27236\DESKTOP\C++代码\071830118-顾尧\客房管理系统2.0\客房管理系统2.0\DEBUG\MANAGER.OBJ
C:\USERS\27236\DESKTOP\C++代码\071830118-顾尧\客房管理系统2.0\客房管理系统2.0\DEBUG\MENU.OBJ
C:\USERS\27236\DESKTOP\C++代码\071830118-顾尧\客房管理系统2.0\客房管理系统2.0\DEBUG\ROOM.OBJ
C:\USERS\27236\DESKTOP\C++代码\071830118-顾尧\客房管理系统2.0\客房管理系统2.0\DEBUG\SINGLE_ROOM.OBJ
C:\USERS\27236\DESKTOP\C++代码\071830118-顾尧\客房管理系统2.0\客房管理系统2.0\DEBUG\SUITE.OBJ
C:\USERS\27236\DESKTOP\C++代码\071830118-顾尧\客房管理系统2.0\客房管理系统2.0\DEBUG\VC100.PDB
C:\USERS\27236\DESKTOP\C++代码\071830118-顾尧\客房管理系统2.0\客房管理系统2.0\DEBUG\客房管理系统2.0.EXE.EMBED.MANIFEST
C:\USERS\27236\DESKTOP\C++代码\071830118-顾尧\客房管理系统2.0\客房管理系统2.0\DEBUG\客房管理系统2.0.EXE.EMBED.MANIFEST.RES
C:\USERS\27236\DESKTOP\C++代码\071830118-顾尧\客房管理系统2.0\客房管理系统2.0\DEBUG\客房管理系统2.0.EXE.INTERMEDIATE.MANIFEST
C:\Users\27236\Desktop\课程文件\c++代码\071830118-顾尧\客房管理系统2.0\Debug\客房管理系统2.0.exe
C:\Users\27236\Desktop\课程文件\c++代码\071830118-顾尧\客房管理系统2.0\Debug\客房管理系统2.0.ilk
C:\Users\27236\Desktop\课程文件\c++代码\071830118-顾尧\客房管理系统2.0\Debug\客房管理系统2.0.pdb
C:\Users\27236\Desktop\课程文件\c++代码\071830118-顾尧\客房管理系统2.0\客房管理系统2.0\Debug\cl.command.1.tlog
C:\Users\27236\Desktop\课程文件\c++代码\071830118-顾尧\客房管理系统2.0\客房管理系统2.0\Debug\CL.read.1.tlog
C:\Users\27236\Desktop\课程文件\c++代码\071830118-顾尧\客房管理系统2.0\客房管理系统2.0\Debug\CL.write.1.tlog
C:\Users\27236\Desktop\课程文件\c++代码\071830118-顾尧\客房管理系统2.0\客房管理系统2.0\Debug\Customer.obj
C:\Users\27236\Desktop\课程文件\c++代码\071830118-顾尧\客房管理系统2.0\客房管理系统2.0\Debug\Double_room.obj
C:\Users\27236\Desktop\课程文件\c++代码\071830118-顾尧\客房管理系统2.0\客房管理系统2.0\Debug\link.16612.read.1.tlog
C:\Users\27236\Desktop\课程文件\c++代码\071830118-顾尧\客房管理系统2.0\客房管理系统2.0\Debug\link.16612.write.1.tlog
C:\Users\27236\Desktop\课程文件\c++代码\071830118-顾尧\客房管理系统2.0\客房管理系统2.0\Debug\link.16612-cvtres.read.1.tlog
C:\Users\27236\Desktop\课程文件\c++代码\071830118-顾尧\客房管理系统2.0\客房管理系统2.0\Debug\link.16612-cvtres.write.1.tlog
C:\Users\27236\Desktop\课程文件\c++代码\071830118-顾尧\客房管理系统2.0\客房管理系统2.0\Debug\link.command.1.tlog
C:\Users\27236\Desktop\课程文件\c++代码\071830118-顾尧\客房管理系统2.0\客房管理系统2.0\Debug\link.read.1.tlog
C:\Users\27236\Desktop\课程文件\c++代码\071830118-顾尧\客房管理系统2.0\客房管理系统2.0\Debug\link.write.1.tlog
C:\Users\27236\Desktop\课程文件\c++代码\071830118-顾尧\客房管理系统2.0\客房管理系统2.0\Debug\link-cvtres.read.1.tlog
C:\Users\27236\Desktop\课程文件\c++代码\071830118-顾尧\客房管理系统2.0\客房管理系统2.0\Debug\link-cvtres.write.1.tlog
C:\Users\27236\Desktop\课程文件\c++代码\071830118-顾尧\客房管理系统2.0\客房管理系统2.0\Debug\main.obj
C:\Users\27236\Desktop\课程文件\c++代码\071830118-顾尧\客房管理系统2.0\客房管理系统2.0\Debug\Manager.obj
C:\Users\27236\Desktop\课程文件\c++代码\071830118-顾尧\客房管理系统2.0\客房管理系统2.0\Debug\Menu.obj
C:\Users\27236\Desktop\课程文件\c++代码\071830118-顾尧\客房管理系统2.0\客房管理系统2.0\Debug\mt.command.1.tlog
C:\Users\27236\Desktop\课程文件\c++代码\071830118-顾尧\客房管理系统2.0\客房管理系统2.0\Debug\mt.read.1.tlog
C:\Users\27236\Desktop\课程文件\c++代码\071830118-顾尧\客房管理系统2.0\客房管理系统2.0\Debug\mt.write.1.tlog
C:\Users\27236\Desktop\课程文件\c++代码\071830118-顾尧\客房管理系统2.0\客房管理系统2.0\Debug\rc.command.1.tlog
C:\Users\27236\Desktop\课程文件\c++代码\071830118-顾尧\客房管理系统2.0\客房管理系统2.0\Debug\rc.read.1.tlog
C:\Users\27236\Desktop\课程文件\c++代码\071830118-顾尧\客房管理系统2.0\客房管理系统2.0\Debug\rc.write.1.tlog
C:\Users\27236\Desktop\课程文件\c++代码\071830118-顾尧\客房管理系统2.0\客房管理系统2.0\Debug\Room.obj
C:\Users\27236\Desktop\课程文件\c++代码\071830118-顾尧\客房管理系统2.0\客房管理系统2.0\Debug\Single_room.obj
C:\Users\27236\Desktop\课程文件\c++代码\071830118-顾尧\客房管理系统2.0\客房管理系统2.0\Debug\Suite.obj
C:\Users\27236\Desktop\课程文件\c++代码\071830118-顾尧\客房管理系统2.0\客房管理系统2.0\Debug\vc100.idb
C:\Users\27236\Desktop\课程文件\c++代码\071830118-顾尧\客房管理系统2.0\客房管理系统2.0\Debug\vc100.pdb
C:\Users\27236\Desktop\课程文件\c++代码\071830118-顾尧\客房管理系统2.0\客房管理系统2.0\Debug\客房管理系统2.0.exe.embed.manifest
C:\Users\27236\Desktop\课程文件\c++代码\071830118-顾尧\客房管理系统2.0\客房管理系统2.0\Debug\客房管理系统2.0.exe.embed.manifest.res
C:\Users\27236\Desktop\课程文件\c++代码\071830118-顾尧\客房管理系统2.0\客房管理系统2.0\Debug\客房管理系统2.0.exe.intermediate.manifest
C:\Users\27236\Desktop\课程文件\c++代码\071830118-顾尧\客房管理系统2.0\客房管理系统2.0\Debug\客房管理系统2.0.write.1.tlog
C:\Users\27236\Desktop\课程文件\c++代码\071830118-顾尧\客房管理系统2.0\客房管理系统2.0\Debug\客房管理系统2.0_manifest.rc
